# JRE version: OpenJDK Runtime Environment (8.0_242-b01) (build 1.8.0_242-release-1644-b01)
# Java VM: OpenJDK 64-Bit Server VM (25.242-b01 mixed mode windows-amd64 compressed oops)
Heap:
 PSYoungGen      total 569344K, used 228046K [0x00000000d5580000, 0x00000000ffb80000, 0x0000000100000000)
  eden space 479232K, 44% used [0x00000000d5580000,0x00000000e24330a8,0x00000000f2980000)
  from space 90112K, 18% used [0x00000000f7d00000,0x00000000f8d00880,0x00000000fd500000)
  to   space 85504K, 0% used [0x00000000f2980000,0x00000000f2980000,0x00000000f7d00000)
 ParOldGen       total 499712K, used 377006K [0x0000000080000000, 0x000000009e800000, 0x00000000d5580000)
  object space 499712K, 75% used [0x0000000080000000,0x000000009702bac0,0x000000009e800000)
 Metaspace       used 505773K, capacity 540360K, committed 540492K, reserved 1517568K
  class space    used 65824K, capacity 72546K, committed 72576K, reserved 1048576K
GC Heap History (10 events):
Event: 19297.771 GC heap before
{Heap before GC invocations=284 (full 14):
 PSYoungGen      total 565248K, used 469049K [0x00000000d5580000, 0x00000000ff000000, 0x0000000100000000)
  eden space 451072K, 100% used [0x00000000d5580000,0x00000000f0e00000,0x00000000f0e00000)
  from space 114176K, 15% used [0x00000000f0e00000,0x00000000f1f8e768,0x00000000f7d80000)
  to   space 109056K, 0% used [0x00000000f8580000,0x00000000f8580000,0x00000000ff000000)
 ParOldGen       total 499712K, used 360484K [0x0000000080000000, 0x000000009e800000, 0x00000000d5580000)
  object space 499712K, 72% used [0x0000000080000000,0x0000000096009070,0x000000009e800000)
 Metaspace       used 502419K, capacity 535920K, committed 536268K, reserved 1513472K
  class space    used 65347K, capacity 71741K, committed 71936K, reserved 1048576K
Event: 19297.825 GC heap after
Heap after GC invocations=284 (full 14):
 PSYoungGen      total 578560K, used 16656K [0x00000000d5580000, 0x00000000ff100000, 0x0000000100000000)
  eden space 469504K, 0% used [0x00000000d5580000,0x00000000d5580000,0x00000000f2000000)
  from space 109056K, 15% used [0x00000000f8580000,0x00000000f95c4010,0x00000000ff000000)
  to   space 103936K, 0% used [0x00000000f2000000,0x00000000f2000000,0x00000000f8580000)
 ParOldGen       total 499712K, used 364549K [0x0000000080000000, 0x000000009e800000, 0x00000000d5580000)
  object space 499712K, 72% used [0x0000000080000000,0x0000000096401680,0x000000009e800000)
 Metaspace       used 502419K, capacity 535920K, committed 536268K, reserved 1513472K
  class space    used 65347K, capacity 71741K, committed 71936K, reserved 1048576K
}
Event: 19316.675 GC heap before
{Heap before GC invocations=285 (full 14):
 PSYoungGen      total 578560K, used 486160K [0x00000000d5580000, 0x00000000ff100000, 0x0000000100000000)
  eden space 469504K, 100% used [0x00000000d5580000,0x00000000f2000000,0x00000000f2000000)
  from space 109056K, 15% used [0x00000000f8580000,0x00000000f95c4010,0x00000000ff000000)
  to   space 103936K, 0% used [0x00000000f2000000,0x00000000f2000000,0x00000000f8580000)
 ParOldGen       total 499712K, used 364549K [0x0000000080000000, 0x000000009e800000, 0x00000000d5580000)
  object space 499712K, 72% used [0x0000000080000000,0x0000000096401680,0x000000009e800000)
 Metaspace       used 502448K, capacity 535944K, committed 536268K, reserved 1513472K
  class space    used 65352K, capacity 71745K, committed 71936K, reserved 1048576K
Event: 19316.806 GC heap after
Heap after GC invocations=285 (full 14):
 PSYoungGen      total 573440K, used 21900K [0x00000000d5580000, 0x00000000ff000000, 0x0000000100000000)
  eden space 469504K, 0% used [0x00000000d5580000,0x00000000d5580000,0x00000000f2000000)
  from space 103936K, 21% used [0x00000000f2000000,0x00000000f35631a0,0x00000000f8580000)
  to   space 98304K, 0% used [0x00000000f9000000,0x00000000f9000000,0x00000000ff000000)
 ParOldGen       total 499712K, used 365523K [0x0000000080000000, 0x000000009e800000, 0x00000000d5580000)
  object space 499712K, 73% used [0x0000000080000000,0x00000000964f4c80,0x000000009e800000)
 Metaspace       used 502448K, capacity 535944K, committed 536268K, reserved 1513472K
  class space    used 65352K, capacity 71745K, committed 71936K, reserved 1048576K
}
Event: 19430.286 GC heap before
{Heap before GC invocations=286 (full 14):
 PSYoungGen      total 573440K, used 491404K [0x00000000d5580000, 0x00000000ff000000, 0x0000000100000000)
  eden space 469504K, 100% used [0x00000000d5580000,0x00000000f2000000,0x00000000f2000000)
  from space 103936K, 21% used [0x00000000f2000000,0x00000000f35631a0,0x00000000f8580000)
  to   space 98304K, 0% used [0x00000000f9000000,0x00000000f9000000,0x00000000ff000000)
 ParOldGen       total 499712K, used 365523K [0x0000000080000000, 0x000000009e800000, 0x00000000d5580000)
  object space 499712K, 73% used [0x0000000080000000,0x00000000964f4c80,0x000000009e800000)
 Metaspace       used 504958K, capacity 538896K, committed 539212K, reserved 1515520K
  class space    used 65703K, capacity 72235K, committed 72320K, reserved 1048576K
Event: 19430.396 GC heap after
Heap after GC invocations=286 (full 14):
 PSYoungGen      total 589312K, used 21884K [0x00000000d5580000, 0x00000000ff080000, 0x0000000100000000)
  eden space 491008K, 0% used [0x00000000d5580000,0x00000000d5580000,0x00000000f3500000)
  from space 98304K, 22% used [0x00000000f9000000,0x00000000fa55f158,0x00000000ff000000)
  to   space 93184K, 0% used [0x00000000f3500000,0x00000000f3500000,0x00000000f9000000)
 ParOldGen       total 499712K, used 369716K [0x0000000080000000, 0x000000009e800000, 0x00000000d5580000)
  object space 499712K, 73% used [0x0000000080000000,0x000000009690d2a0,0x000000009e800000)
 Metaspace       used 504958K, capacity 538896K, committed 539212K, reserved 1515520K
  class space    used 65703K, capacity 72235K, committed 72320K, reserved 1048576K
}
Event: 19591.294 GC heap before
{Heap before GC invocations=287 (full 14):
 PSYoungGen      total 589312K, used 512892K [0x00000000d5580000, 0x00000000ff080000, 0x0000000100000000)
  eden space 491008K, 100% used [0x00000000d5580000,0x00000000f3500000,0x00000000f3500000)
  from space 98304K, 22% used [0x00000000f9000000,0x00000000fa55f158,0x00000000ff000000)
  to   space 93184K, 0% used [0x00000000f3500000,0x00000000f3500000,0x00000000f9000000)
 ParOldGen       total 499712K, used 369716K [0x0000000080000000, 0x000000009e800000, 0x00000000d5580000)
  object space 499712K, 73% used [0x0000000080000000,0x000000009690d2a0,0x000000009e800000)
 Metaspace       used 505708K, capacity 540288K, committed 540492K, reserved 1517568K
  class space    used 65816K, capacity 72534K, committed 72576K, reserved 1048576K
Event: 19591.420 GC heap after
Heap after GC invocations=287 (full 14):
 PSYoungGen      total 485888K, used 10757K [0x00000000d5580000, 0x00000000fd500000, 0x0000000100000000)
  eden space 474624K, 0% used [0x00000000d5580000,0x00000000d5580000,0x00000000f2500000)
  from space 11264K, 95% used [0x00000000f3500000,0x00000000f3f81628,0x00000000f4000000)
  to   space 90112K, 0% used [0x00000000f7d00000,0x00000000f7d00000,0x00000000fd500000)
 ParOldGen       total 499712K, used 377006K [0x0000000080000000, 0x000000009e800000, 0x00000000d5580000)
  object space 499712K, 75% used [0x0000000080000000,0x000000009702bac0,0x000000009e800000)
 Metaspace       used 505708K, capacity 540288K, committed 540492K, reserved 1517568K
  class space    used 65816K, capacity 72534K, committed 72576K, reserved 1048576K
}
Event: 19604.415 GC heap before
{Heap before GC invocations=288 (full 14):
 PSYoungGen      total 485888K, used 485381K [0x00000000d5580000, 0x00000000fd500000, 0x0000000100000000)
  eden space 474624K, 100% used [0x00000000d5580000,0x00000000f2500000,0x00000000f2500000)
  from space 11264K, 95% used [0x00000000f3500000,0x00000000f3f81628,0x00000000f4000000)
  to   space 90112K, 0% used [0x00000000f7d00000,0x00000000f7d00000,0x00000000fd500000)
 ParOldGen       total 499712K, used 377006K [0x0000000080000000, 0x000000009e800000, 0x00000000d5580000)
  object space 499712K, 75% used [0x0000000080000000,0x000000009702bac0,0x000000009e800000)
 Metaspace       used 505765K, capacity 540360K, committed 540492K, reserved 1517568K
  class space    used 65824K, capacity 72546K, committed 72576K, reserved 1048576K
Event: 19604.522 GC heap after
Heap after GC invocations=288 (full 14):
 PSYoungGen      total 569344K, used 16386K [0x00000000d5580000, 0x00000000ffb80000, 0x0000000100000000)
  eden space 479232K, 0% used [0x00000000d5580000,0x00000000d5580000,0x00000000f2980000)
  from space 90112K, 18% used [0x00000000f7d00000,0x00000000f8d00880,0x00000000fd500000)
  to   space 85504K, 0% used [0x00000000f2980000,0x00000000f2980000,0x00000000f7d00000)
 ParOldGen       total 499712K, used 377006K [0x0000000080000000, 0x000000009e800000, 0x00000000d5580000)
  object space 499712K, 75% used [0x0000000080000000,0x000000009702bac0,0x000000009e800000)
 Metaspace       used 505765K, capacity 540360K, committed 540492K, reserved 1517568K
  class space    used 65824K, capacity 72546K, committed 72576K, reserved 1048576K
}

